\BOOKMARK [1][-]{section.1}{Matematikos ugdymas edukologijos po\236iuriu}{}% 1
\BOOKMARK [2][-]{subsection.1.1}{Esminis matematikos ugdymo i\235siskyrimas i\235 kitu dalyku ugdymo}{section.1}% 2
\BOOKMARK [2][-]{subsection.1.2}{Pavyzd\236iai, iliustruojantys matematinio ugdymo problemu masta}{section.1}% 3
\BOOKMARK [2][-]{subsection.1.3}{Galimos matematikos ugdymo problemu prie\236astys}{section.1}% 4
\BOOKMARK [2][-]{subsection.1.4}{Klaidingai keliamas matematikos ugdymo tikslas}{section.1}% 5
\BOOKMARK [2][-]{subsection.1.5}{Musu ir kitu \235aliu isitraukimas i matematikos ugdymo sistemos tobulinima}{section.1}% 6
\BOOKMARK [1][-]{section.2}{Mokymosi specifika psichologijos po\236iuriu}{}% 7
\BOOKMARK [2][-]{subsection.2.1}{Klasikinis salygojimas}{section.2}% 8
\BOOKMARK [2][-]{subsection.2.2}{Operantinis salygojimas}{section.2}% 9
\BOOKMARK [2][-]{subsection.2.3}{Slaptasis i\235mokimas.}{section.2}% 10
\BOOKMARK [2][-]{subsection.2.4}{Psichologijos \236iniu taikymas siekiant pagerinti mokymosi rezultatus}{section.2}% 11
\BOOKMARK [3][-]{subsubsection.2.4.1}{Mokytoju vaidmuo: tinkamas moksleiviu paskatinimas}{subsection.2.4}% 12
\BOOKMARK [3][-]{subsubsection.2.4.2}{Tevu vaidmuo: bausmes u\236 prastus rezultatus}{subsection.2.4}% 13
\BOOKMARK [3][-]{subsubsection.2.4.3}{Tevu vaidmuo: kaip reaguoti i neklausyma}{subsection.2.4}% 14
\BOOKMARK [2][-]{subsection.2.5}{Pa\236inimo raida}{section.2}% 15
\BOOKMARK [2][-]{subsection.2.6}{,,Vystymosi raidos taikymas matematikos ugdyme''}{section.2}% 16
\BOOKMARK [3][-]{subsubsection.2.6.1}{Formaliu operaciju stadijos mastymo bruo\236ai}{subsection.2.6}% 17
\BOOKMARK [3][-]{subsubsection.2.6.2}{Mokomuju priemoniu nenaudojimo problema}{subsection.2.6}% 18
\BOOKMARK [3][-]{subsubsection.2.6.3}{Mokomuju priemoniu naudojimo efektyvumo problema}{subsection.2.6}% 19
\BOOKMARK [3][-]{subsubsection.2.6.4}{Tinkamu pavyzd\236iu nepakankamumo problema}{subsection.2.6}% 20
\BOOKMARK [3][-]{subsubsection.2.6.5}{Naudojamu pavyzd\236iu korekti\235kumo problema}{subsection.2.6}% 21
\BOOKMARK [3][-]{subsubsection.2.6.6}{Demesio neskyrimo silpnesniesiems problema}{subsection.2.6}% 22
\BOOKMARK [3][-]{subsubsection.2.6.7}{Demesio neskyrimo stipresniesiems problema}{subsection.2.6}% 23
\BOOKMARK [3][-]{subsubsection.2.6.8}{Problemos istojus i auk\235taja mokykla}{subsection.2.6}% 24
\BOOKMARK [1][-]{section.3}{Kaip mokyti matematikos?}{}% 25
\BOOKMARK [2][-]{subsection.3.1}{Darbas su silpnu 6 klases moksleiviu}{section.3}% 26
\BOOKMARK [2][-]{subsection.3.2}{Darbas su gabiu 8 klases moksleiviu}{section.3}% 27
\BOOKMARK [2][-]{subsection.3.3}{Knygos David Tall - Knowing and Teaching Elementary Mathematics santrauka}{section.3}% 28
\BOOKMARK [1][-]{section.4}{Papildomas skyrius. Branda: pastebejimai apie vaikyste ir paauglyste}{}% 29
\BOOKMARK [2][-]{subsection.4.1}{Vaikyste}{section.4}% 30
\BOOKMARK [2][-]{subsection.4.2}{Paauglyste}{section.4}% 31
\BOOKMARK [1][-]{section.5}{\227altiniai}{}% 32
